<?xml version="1.0" encoding="UTF-8"?>
<!-- Generated by org.testng.reporters.JUnitXMLReporter -->
<testsuite ignored="0" hostname="DESKTOP-QHOC536" failures="0" tests="10" name="Default test" time="0.073" errors="0" timestamp="2023-01-27T20:01:24 IST">
  <testcase classname="com.ironscales.testcases.RemovalTest" name="testRemoveOnlyStart" time="0.011"/>
  <testcase classname="com.ironscales.testcases.RemovalTest" name="testRemoveOnlyEnd" time="0.001"/>
  <testcase classname="com.ironscales.testcases.RemovalTest" name="testRemoveBothSides" time="0.001"/>
  <testcase classname="com.ironscales.testcases.RemovalTest" name="testRemoveOnlyEndNegative" time="0.001"/>
  <testcase classname="com.ironscales.testcases.RemovalTest" name="testRemoveEmptyString" time="0.0"/>
  <testcase classname="com.ironscales.testcases.RemovalTest" name="testRemoveMultipleSpaces" time="0.001"/>
  <testcase classname="com.ironscales.testcases.RemovalTest" name="testRemoveMultipleSpacesNegative" time="0.001"/>
  <testcase classname="com.ironscales.testcases.RemovalTest" name="testRemoveTabAndNewLine" time="0.001"/>
  <testcase classname="com.ironscales.testcases.RemovalTest" name="testRemoveSpecialCharacters" time="0.001"/>
  <testcase classname="com.ironscales.testcases.RemovalTest" name="testRemoveOnlySpaces" time="0.001"/>
</testsuite> <!-- Default test -->
