<?xml version="1.0" encoding="UTF-8"?>
<testng-results ignored="0" total="10" passed="10" failed="0" skipped="0">
  <reporter-output>
  </reporter-output>
  <suite started-at="2023-01-27T20:01:24 IST" name="Default suite" finished-at="2023-01-27T20:01:24 IST" duration-ms="73">
    <groups>
    </groups>
    <test started-at="2023-01-27T20:01:24 IST" name="Default test" finished-at="2023-01-27T20:01:24 IST" duration-ms="73">
      <class name="com.ironscales.testcases.RemovalTest">
        <test-method signature="testRemoveOnlyStart()[pri:0, instance:com.ironscales.testcases.RemovalTest@484970b0]" started-at="2023-01-27T20:01:24 IST" name="testRemoveOnlyStart" finished-at="2023-01-27T20:01:24 IST" duration-ms="11" status="PASS">
          <reporter-output>
          </reporter-output>
        </test-method> <!-- testRemoveOnlyStart -->
        <test-method signature="testRemoveOnlyEnd()[pri:1, instance:com.ironscales.testcases.RemovalTest@484970b0]" started-at="2023-01-27T20:01:24 IST" name="testRemoveOnlyEnd" finished-at="2023-01-27T20:01:24 IST" duration-ms="1" status="PASS">
          <reporter-output>
          </reporter-output>
        </test-method> <!-- testRemoveOnlyEnd -->
        <test-method signature="testRemoveBothSides()[pri:2, instance:com.ironscales.testcases.RemovalTest@484970b0]" started-at="2023-01-27T20:01:24 IST" name="testRemoveBothSides" finished-at="2023-01-27T20:01:24 IST" duration-ms="1" status="PASS">
          <reporter-output>
          </reporter-output>
        </test-method> <!-- testRemoveBothSides -->
        <test-method signature="testRemoveOnlyEndNegative()[pri:3, instance:com.ironscales.testcases.RemovalTest@484970b0]" started-at="2023-01-27T20:01:24 IST" name="testRemoveOnlyEndNegative" finished-at="2023-01-27T20:01:24 IST" duration-ms="1" status="PASS">
          <reporter-output>
          </reporter-output>
        </test-method> <!-- testRemoveOnlyEndNegative -->
        <test-method signature="testRemoveEmptyString()[pri:4, instance:com.ironscales.testcases.RemovalTest@484970b0]" started-at="2023-01-27T20:01:24 IST" name="testRemoveEmptyString" finished-at="2023-01-27T20:01:24 IST" duration-ms="0" status="PASS">
          <reporter-output>
          </reporter-output>
        </test-method> <!-- testRemoveEmptyString -->
        <test-method signature="testRemoveMultipleSpaces()[pri:5, instance:com.ironscales.testcases.RemovalTest@484970b0]" started-at="2023-01-27T20:01:24 IST" name="testRemoveMultipleSpaces" finished-at="2023-01-27T20:01:24 IST" duration-ms="1" status="PASS">
          <reporter-output>
          </reporter-output>
        </test-method> <!-- testRemoveMultipleSpaces -->
        <test-method signature="testRemoveMultipleSpacesNegative()[pri:6, instance:com.ironscales.testcases.RemovalTest@484970b0]" started-at="2023-01-27T20:01:24 IST" name="testRemoveMultipleSpacesNegative" finished-at="2023-01-27T20:01:24 IST" duration-ms="1" status="PASS">
          <reporter-output>
          </reporter-output>
        </test-method> <!-- testRemoveMultipleSpacesNegative -->
        <test-method signature="testRemoveTabAndNewLine()[pri:7, instance:com.ironscales.testcases.RemovalTest@484970b0]" started-at="2023-01-27T20:01:24 IST" name="testRemoveTabAndNewLine" finished-at="2023-01-27T20:01:24 IST" duration-ms="1" status="PASS">
          <reporter-output>
          </reporter-output>
        </test-method> <!-- testRemoveTabAndNewLine -->
        <test-method signature="testRemoveSpecialCharacters()[pri:8, instance:com.ironscales.testcases.RemovalTest@484970b0]" started-at="2023-01-27T20:01:24 IST" name="testRemoveSpecialCharacters" finished-at="2023-01-27T20:01:24 IST" duration-ms="1" status="PASS">
          <reporter-output>
          </reporter-output>
        </test-method> <!-- testRemoveSpecialCharacters -->
        <test-method signature="testRemoveOnlySpaces()[pri:9, instance:com.ironscales.testcases.RemovalTest@484970b0]" started-at="2023-01-27T20:01:24 IST" name="testRemoveOnlySpaces" finished-at="2023-01-27T20:01:24 IST" duration-ms="1" status="PASS">
          <reporter-output>
          </reporter-output>
        </test-method> <!-- testRemoveOnlySpaces -->
      </class> <!-- com.ironscales.testcases.RemovalTest -->
    </test> <!-- Default test -->
  </suite> <!-- Default suite -->
</testng-results>
